[32mINFO[0m:     Will watch for changes in these directories: ['/Users/Yasas/Documents/Projects/ysenarath/textflow/examples/basic_server']
[32mINFO[0m:     Uvicorn running on [1mhttp://127.0.0.1:8000[0m (Press CTRL+C to quit)
[32mINFO[0m:     Started reloader process [[36m[1m75974[0m] using [36m[1mStatReload[0m
Process SpawnProcess-1:
Traceback (most recent call last):
  File "/Users/Yasas/opt/anaconda3/lib/python3.9/multiprocessing/process.py", line 315, in _bootstrap
    self.run()
  File "/Users/Yasas/opt/anaconda3/lib/python3.9/multiprocessing/process.py", line 108, in run
    self._target(*self._args, **self._kwargs)
  File "/Users/Yasas/Documents/Projects/ysenarath/textflow/examples/basic_server/venv/lib/python3.9/site-packages/uvicorn/_subprocess.py", line 76, in subprocess_started
    target(sockets=sockets)
  File "/Users/Yasas/Documents/Projects/ysenarath/textflow/examples/basic_server/venv/lib/python3.9/site-packages/uvicorn/server.py", line 61, in run
    return asyncio.run(self.serve(sockets=sockets))
  File "/Users/Yasas/opt/anaconda3/lib/python3.9/asyncio/runners.py", line 44, in run
    return loop.run_until_complete(main)
  File "/Users/Yasas/opt/anaconda3/lib/python3.9/asyncio/base_events.py", line 634, in run_until_complete
    self.run_forever()
  File "/Users/Yasas/opt/anaconda3/lib/python3.9/asyncio/base_events.py", line 601, in run_forever
    self._run_once()
  File "/Users/Yasas/opt/anaconda3/lib/python3.9/asyncio/base_events.py", line 1905, in _run_once
    handle._run()
  File "/Users/Yasas/opt/anaconda3/lib/python3.9/asyncio/events.py", line 80, in _run
    self._context.run(self._callback, *self._args)
  File "/Users/Yasas/Documents/Projects/ysenarath/textflow/examples/basic_server/venv/lib/python3.9/site-packages/uvicorn/server.py", line 68, in serve
    config.load()
  File "/Users/Yasas/Documents/Projects/ysenarath/textflow/examples/basic_server/venv/lib/python3.9/site-packages/uvicorn/config.py", line 473, in load
    self.loaded_app = import_from_string(self.app)
  File "/Users/Yasas/Documents/Projects/ysenarath/textflow/examples/basic_server/venv/lib/python3.9/site-packages/uvicorn/importer.py", line 21, in import_from_string
    module = importlib.import_module(module_str)
  File "/Users/Yasas/opt/anaconda3/lib/python3.9/importlib/__init__.py", line 127, in import_module
    return _bootstrap._gcd_import(name[level:], package, level)
  File "<frozen importlib._bootstrap>", line 1030, in _gcd_import
  File "<frozen importlib._bootstrap>", line 1007, in _find_and_load
  File "<frozen importlib._bootstrap>", line 986, in _find_and_load_unlocked
  File "<frozen importlib._bootstrap>", line 680, in _load_unlocked
  File "<frozen importlib._bootstrap_external>", line 850, in exec_module
  File "<frozen importlib._bootstrap>", line 228, in _call_with_frames_removed
  File "/Users/Yasas/Documents/Projects/ysenarath/textflow/examples/basic_server/app.py", line 8, in <module>
    from textflow import TextFlow
  File "/Users/Yasas/Documents/Projects/ysenarath/textflow/textflow/__init__.py", line 4, in <module>
    from textflow.api import router
  File "/Users/Yasas/Documents/Projects/ysenarath/textflow/textflow/api/__init__.py", line 3, in <module>
    from textflow.api.routes import projects, users, tokens
  File "/Users/Yasas/Documents/Projects/ysenarath/textflow/textflow/api/routes/projects.py", line 5, in <module>
    from textflow.api.dependencies import get_current_active_user
  File "/Users/Yasas/Documents/Projects/ysenarath/textflow/textflow/api/dependencies.py", line 8, in <module>
    from textflow.database import db, crud
  File "/Users/Yasas/Documents/Projects/ysenarath/textflow/textflow/database/__init__.py", line 1, in <module>
    from textflow.database.base import db
  File "/Users/Yasas/Documents/Projects/ysenarath/textflow/textflow/database/base.py", line 18, in <module>
    from sqlalchemy import Engine, create_engine
  File "/Users/Yasas/Documents/Projects/ysenarath/textflow/examples/basic_server/venv/lib/python3.9/site-packages/sqlalchemy/__init__.py", line 13, in <module>
    from .engine import AdaptedConnection as AdaptedConnection
  File "/Users/Yasas/Documents/Projects/ysenarath/textflow/examples/basic_server/venv/lib/python3.9/site-packages/sqlalchemy/engine/__init__.py", line 18, in <module>
    from . import events as events
  File "/Users/Yasas/Documents/Projects/ysenarath/textflow/examples/basic_server/venv/lib/python3.9/site-packages/sqlalchemy/engine/events.py", line 19, in <module>
    from .base import Connection
  File "/Users/Yasas/Documents/Projects/ysenarath/textflow/examples/basic_server/venv/lib/python3.9/site-packages/sqlalchemy/engine/base.py", line 30, in <module>
    from .interfaces import BindTyping
  File "/Users/Yasas/Documents/Projects/ysenarath/textflow/examples/basic_server/venv/lib/python3.9/site-packages/sqlalchemy/engine/interfaces.py", line 35, in <module>
    from ..event import EventTarget
  File "/Users/Yasas/Documents/Projects/ysenarath/textflow/examples/basic_server/venv/lib/python3.9/site-packages/sqlalchemy/event/__init__.py", line 10, in <module>
    from .api import CANCEL as CANCEL
  File "/Users/Yasas/Documents/Projects/ysenarath/textflow/examples/basic_server/venv/lib/python3.9/site-packages/sqlalchemy/event/api.py", line 16, in <module>
    from .base import _registrars
  File "/Users/Yasas/Documents/Projects/ysenarath/textflow/examples/basic_server/venv/lib/python3.9/site-packages/sqlalchemy/event/base.py", line 35, in <module>
    from .attr import _ClsLevelDispatch
  File "<frozen importlib._bootstrap>", line 1007, in _find_and_load
  File "<frozen importlib._bootstrap>", line 986, in _find_and_load_unlocked
  File "<frozen importlib._bootstrap>", line 680, in _load_unlocked
  File "<frozen importlib._bootstrap_external>", line 846, in exec_module
  File "<frozen importlib._bootstrap_external>", line 941, in get_code
  File "<frozen importlib._bootstrap_external>", line 1039, in get_data
KeyboardInterrupt
[32mINFO[0m:     Stopping reloader process [[36m[1m75974[0m]
